<?xml version="1.0" encoding="UTF-8"?>
<robot generator="Robot 5.0 (Python 3.10.4 on win32)" generated="20220512 14:43:37.517" rpa="false" schemaversion="3">
<suite id="s1" name="Validate Login" source="C:\Users\Dell\Downloads\Internship\automation\Lpu_Live_Automation\validate_login\validate_login.robot">
<test id="s1-t1" name="TC1" line="16">
<kw name="Launch Browser" library="CommonFunctionality" type="SETUP">
<kw name="Append To Environment Variable" library="OperatingSystem">
<arg>path</arg>
<arg>${EXECDIR}${/}driver</arg>
<doc>Appends given ``values`` to environment variable ``name``.</doc>
<msg timestamp="20220512 14:43:38.501" level="INFO">Environment variable 'path' set to value 'C:\Program Files\Python310\Scripts\;C:\Program Files\Python310\;C:\WINDOWS\system32;C:\WINDOWS;C:\WINDOWS\System32\Wbem;C:\WINDOWS\System32\WindowsPowerShell\v1.0\;C:\WINDOWS\System32\OpenSSH\;C:\Program Files\Git\cmd;C:\Users\Dell\AppData\Local\Microsoft\WindowsApps;C:\Users\Dell\AppData\Local\Programs\Microsoft VS Code\bin;C:\Users\Dell\AppData\Roaming\Python\Python310\Scripts;;C:\Users\Dell\Downloads\Internship\automation\Lpu_Live_Automation\driver'.</msg>
<status status="PASS" starttime="20220512 14:43:38.501" endtime="20220512 14:43:38.501"/>
</kw>
<kw name="Open Browser" library="SeleniumLibrary">
<arg>browser=${BROWSER}</arg>
<doc>Opens a new browser instance to the optional ``url``.</doc>
<msg timestamp="20220512 14:43:38.501" level="INFO">Opening browser 'chrome' to base url 'None'.</msg>
<status status="PASS" starttime="20220512 14:43:38.501" endtime="20220512 14:43:39.974"/>
</kw>
<kw name="Maximize Browser Window" library="SeleniumLibrary">
<doc>Maximizes current browser window.</doc>
<status status="PASS" starttime="20220512 14:43:39.974" endtime="20220512 14:43:40.100"/>
</kw>
<kw name="Set Selenium Implicit Wait" library="SeleniumLibrary">
<arg>30s</arg>
<doc>Sets the implicit wait value used by Selenium.</doc>
<status status="PASS" starttime="20220512 14:43:40.100" endtime="20220512 14:43:40.100"/>
</kw>
<kw name="Set Screenshot Directory" library="SeleniumLibrary">
<arg>${EXECDIR}${/}screenshot</arg>
<doc>Sets the directory for captured screenshots.</doc>
<status status="PASS" starttime="20220512 14:43:40.100" endtime="20220512 14:43:40.100"/>
</kw>
<kw name="Go To" library="SeleniumLibrary">
<arg>url=${URL}</arg>
<doc>Navigates the current browser window to the provided ``url``.</doc>
<msg timestamp="20220512 14:43:40.100" level="INFO">Opening url 'https://lpulive.lpu.in/'</msg>
<status status="PASS" starttime="20220512 14:43:40.100" endtime="20220512 14:44:13.630"/>
</kw>
<status status="PASS" starttime="20220512 14:43:38.501" endtime="20220512 14:44:13.631"/>
</kw>
<kw name="Valid Credential Template">
<arg>11815178</arg>
<arg>Prem@1998</arg>
<arg>LPU Live</arg>
<kw name="Input Text" library="SeleniumLibrary">
<arg>id=inputEmail</arg>
<arg>${username}</arg>
<doc>Types the given ``text`` into the text field identified by ``locator``.</doc>
<msg timestamp="20220512 14:44:13.633" level="INFO">Typing text '11815178' into text field 'id=inputEmail'.</msg>
<status status="PASS" starttime="20220512 14:44:13.632" endtime="20220512 14:44:13.711"/>
</kw>
<kw name="Input Password" library="SeleniumLibrary">
<arg>id=inputPassword</arg>
<arg>${password}</arg>
<doc>Types the given password into the text field identified by ``locator``.</doc>
<msg timestamp="20220512 14:44:13.711" level="INFO">Typing password into text field 'id=inputPassword'.</msg>
<msg timestamp="20220512 14:44:13.751" level="INFO">Temporally setting log level to: NONE</msg>
<msg timestamp="20220512 14:44:13.802" level="INFO">Log level changed from NONE to INFO.</msg>
<status status="PASS" starttime="20220512 14:44:13.711" endtime="20220512 14:44:13.802"/>
</kw>
<kw name="Click Element" library="SeleniumLibrary">
<arg>xpath=//button[@class='btn btn-next btn-40 d-flex align-items-center pl-4 pr-4 pt-1 ng-tns-c78-0']</arg>
<doc>Click the element identified by ``locator``.</doc>
<msg timestamp="20220512 14:44:13.802" level="INFO">Clicking element 'xpath=//button[@class='btn btn-next btn-40 d-flex align-items-center pl-4 pr-4 pt-1 ng-tns-c78-0']'.</msg>
<status status="PASS" starttime="20220512 14:44:13.802" endtime="20220512 14:44:13.856"/>
</kw>
<kw name="Set Selenium Implicit Wait" library="SeleniumLibrary">
<arg>30s</arg>
<doc>Sets the implicit wait value used by Selenium.</doc>
<status status="PASS" starttime="20220512 14:44:13.856" endtime="20220512 14:44:13.857"/>
</kw>
<kw name="Page Should Contain" library="SeleniumLibrary">
<arg>${value}</arg>
<doc>Verifies that current page contains ``text``.</doc>
<msg timestamp="20220512 14:44:13.872" level="INFO">Current page contains text 'LPU Live'.</msg>
<status status="PASS" starttime="20220512 14:44:13.858" endtime="20220512 14:44:13.872"/>
</kw>
<status status="PASS" starttime="20220512 14:44:13.631" endtime="20220512 14:44:13.872"/>
</kw>
<kw name="Close Browser" library="SeleniumLibrary" type="TEARDOWN">
<doc>Closes the current browser.</doc>
<status status="PASS" starttime="20220512 14:44:13.872" endtime="20220512 14:44:15.997"/>
</kw>
<status status="PASS" starttime="20220512 14:43:38.485" endtime="20220512 14:44:15.997"/>
</test>
<test id="s1-t2" name="TC1" line="16">
<kw name="Launch Browser" library="CommonFunctionality" type="SETUP">
<kw name="Append To Environment Variable" library="OperatingSystem">
<arg>path</arg>
<arg>${EXECDIR}${/}driver</arg>
<doc>Appends given ``values`` to environment variable ``name``.</doc>
<msg timestamp="20220512 14:44:15.997" level="INFO">Environment variable 'path' set to value 'C:\Program Files\Python310\Scripts\;C:\Program Files\Python310\;C:\WINDOWS\system32;C:\WINDOWS;C:\WINDOWS\System32\Wbem;C:\WINDOWS\System32\WindowsPowerShell\v1.0\;C:\WINDOWS\System32\OpenSSH\;C:\Program Files\Git\cmd;C:\Users\Dell\AppData\Local\Microsoft\WindowsApps;C:\Users\Dell\AppData\Local\Programs\Microsoft VS Code\bin;C:\Users\Dell\AppData\Roaming\Python\Python310\Scripts;;C:\Users\Dell\Downloads\Internship\automation\Lpu_Live_Automation\driver;C:\Users\Dell\Downloads\Internship\automation\Lpu_Live_Automation\driver'.</msg>
<status status="PASS" starttime="20220512 14:44:15.997" endtime="20220512 14:44:15.997"/>
</kw>
<kw name="Open Browser" library="SeleniumLibrary">
<arg>browser=${BROWSER}</arg>
<doc>Opens a new browser instance to the optional ``url``.</doc>
<msg timestamp="20220512 14:44:15.997" level="INFO">Opening browser 'chrome' to base url 'None'.</msg>
<status status="PASS" starttime="20220512 14:44:15.997" endtime="20220512 14:44:17.405"/>
</kw>
<kw name="Maximize Browser Window" library="SeleniumLibrary">
<doc>Maximizes current browser window.</doc>
<status status="PASS" starttime="20220512 14:44:17.405" endtime="20220512 14:44:17.525"/>
</kw>
<kw name="Set Selenium Implicit Wait" library="SeleniumLibrary">
<arg>30s</arg>
<doc>Sets the implicit wait value used by Selenium.</doc>
<status status="PASS" starttime="20220512 14:44:17.525" endtime="20220512 14:44:17.525"/>
</kw>
<kw name="Set Screenshot Directory" library="SeleniumLibrary">
<arg>${EXECDIR}${/}screenshot</arg>
<doc>Sets the directory for captured screenshots.</doc>
<status status="PASS" starttime="20220512 14:44:17.525" endtime="20220512 14:44:17.525"/>
</kw>
<kw name="Go To" library="SeleniumLibrary">
<arg>url=${URL}</arg>
<doc>Navigates the current browser window to the provided ``url``.</doc>
<msg timestamp="20220512 14:44:17.525" level="INFO">Opening url 'https://lpulive.lpu.in/'</msg>
<status status="PASS" starttime="20220512 14:44:17.525" endtime="20220512 14:44:36.397"/>
</kw>
<status status="PASS" starttime="20220512 14:44:15.997" endtime="20220512 14:44:36.397"/>
</kw>
<kw name="Valid Credential Template">
<arg>11815178</arg>
<arg>Prem@1998</arg>
<arg>Pradhum Kumar Mandal : 11815178 (me)</arg>
<kw name="Input Text" library="SeleniumLibrary">
<arg>id=inputEmail</arg>
<arg>${username}</arg>
<doc>Types the given ``text`` into the text field identified by ``locator``.</doc>
<msg timestamp="20220512 14:44:36.399" level="INFO">Typing text '11815178' into text field 'id=inputEmail'.</msg>
<status status="PASS" starttime="20220512 14:44:36.398" endtime="20220512 14:44:36.479"/>
</kw>
<kw name="Input Password" library="SeleniumLibrary">
<arg>id=inputPassword</arg>
<arg>${password}</arg>
<doc>Types the given password into the text field identified by ``locator``.</doc>
<msg timestamp="20220512 14:44:36.479" level="INFO">Typing password into text field 'id=inputPassword'.</msg>
<msg timestamp="20220512 14:44:36.517" level="INFO">Temporally setting log level to: NONE</msg>
<msg timestamp="20220512 14:44:36.564" level="INFO">Log level changed from NONE to INFO.</msg>
<status status="PASS" starttime="20220512 14:44:36.479" endtime="20220512 14:44:36.564"/>
</kw>
<kw name="Click Element" library="SeleniumLibrary">
<arg>xpath=//button[@class='btn btn-next btn-40 d-flex align-items-center pl-4 pr-4 pt-1 ng-tns-c78-0']</arg>
<doc>Click the element identified by ``locator``.</doc>
<msg timestamp="20220512 14:44:36.564" level="INFO">Clicking element 'xpath=//button[@class='btn btn-next btn-40 d-flex align-items-center pl-4 pr-4 pt-1 ng-tns-c78-0']'.</msg>
<status status="PASS" starttime="20220512 14:44:36.564" endtime="20220512 14:44:36.615"/>
</kw>
<kw name="Set Selenium Implicit Wait" library="SeleniumLibrary">
<arg>30s</arg>
<doc>Sets the implicit wait value used by Selenium.</doc>
<status status="PASS" starttime="20220512 14:44:36.615" endtime="20220512 14:44:36.616"/>
</kw>
<kw name="Page Should Contain" library="SeleniumLibrary">
<arg>${value}</arg>
<doc>Verifies that current page contains ``text``.</doc>
<msg timestamp="20220512 14:44:50.359" level="INFO">Current page contains text 'Pradhum Kumar Mandal : 11815178 (me)'.</msg>
<status status="PASS" starttime="20220512 14:44:36.617" endtime="20220512 14:44:50.359"/>
</kw>
<status status="PASS" starttime="20220512 14:44:36.398" endtime="20220512 14:44:50.359"/>
</kw>
<kw name="Close Browser" library="SeleniumLibrary" type="TEARDOWN">
<doc>Closes the current browser.</doc>
<status status="PASS" starttime="20220512 14:44:50.360" endtime="20220512 14:44:52.560"/>
</kw>
<status status="PASS" starttime="20220512 14:44:15.997" endtime="20220512 14:44:52.560"/>
</test>
<doc>This suite will handle valid credential
test - TC_OH_2</doc>
<status status="PASS" starttime="20220512 14:43:37.517" endtime="20220512 14:44:52.560"/>
</suite>
<statistics>
<total>
<stat pass="2" fail="0" skip="0">All Tests</stat>
</total>
<tag>
</tag>
<suite>
<stat pass="2" fail="0" skip="0" id="s1" name="Validate Login">Validate Login</stat>
</suite>
</statistics>
<errors>
<msg timestamp="20220512 14:44:15.997" level="WARN">Multiple tests with name 'TC1' executed in suite 'Validate Login'.</msg>
</errors>
</robot>
