<?xml version="1.0" encoding="UTF-8"?>
<robot generator="Robot 5.0 (Python 3.10.4 on win32)" generated="20220512 13:25:07.906" rpa="false" schemaversion="3">
<suite id="s1" name="Verify Valid Credential Suite" source="C:\Users\Dell\Downloads\Internship\automation\Lpu_Live_Automation\LoginSuite\verify_valid_credential_suite.robot">
<test id="s1-t1" name="TC1" line="6">
<kw name="Append To Environment Variable" library="OperatingSystem">
<arg>path</arg>
<arg>C:\\Users\\Dell\\Downloads\\Internship\\automation\\Lpu_Live_Automation\\driver</arg>
<doc>Appends given ``values`` to environment variable ``name``.</doc>
<msg timestamp="20220512 13:25:08.251" level="INFO">Environment variable 'path' set to value 'C:\Program Files\Python310\Scripts\;C:\Program Files\Python310\;C:\WINDOWS\system32;C:\WINDOWS;C:\WINDOWS\System32\Wbem;C:\WINDOWS\System32\WindowsPowerShell\v1.0\;C:\WINDOWS\System32\OpenSSH\;C:\Program Files\Git\cmd;C:\Users\Dell\AppData\Local\Microsoft\WindowsApps;C:\Users\Dell\AppData\Local\Programs\Microsoft VS Code\bin;C:\Users\Dell\AppData\Roaming\Python\Python310\Scripts;;C:\Users\Dell\Downloads\Internship\automation\Lpu_Live_Automation\driver'.</msg>
<status status="PASS" starttime="20220512 13:25:08.251" endtime="20220512 13:25:08.252"/>
</kw>
<kw name="Open Browser" library="SeleniumLibrary">
<arg>url=https://lpulive.lpu.in/</arg>
<arg>browser=chrome</arg>
<doc>Opens a new browser instance to the optional ``url``.</doc>
<msg timestamp="20220512 13:25:08.253" level="INFO">Opening browser 'chrome' to base url 'https://lpulive.lpu.in/'.</msg>
<status status="PASS" starttime="20220512 13:25:08.252" endtime="20220512 13:25:17.894"/>
</kw>
<kw name="Input Text" library="SeleniumLibrary">
<arg>id=inputEmail</arg>
<arg>11815178</arg>
<doc>Types the given ``text`` into the text field identified by ``locator``.</doc>
<msg timestamp="20220512 13:25:17.896" level="INFO">Typing text '11815178' into text field 'id=inputEmail'.</msg>
<status status="PASS" starttime="20220512 13:25:17.894" endtime="20220512 13:25:17.979"/>
</kw>
<kw name="Input Password" library="SeleniumLibrary">
<arg>id=inputPassword</arg>
<arg>Prem@1998</arg>
<doc>Types the given password into the text field identified by ``locator``.</doc>
<msg timestamp="20220512 13:25:17.980" level="INFO">Typing password into text field 'id=inputPassword'.</msg>
<msg timestamp="20220512 13:25:18.016" level="INFO">Temporally setting log level to: NONE</msg>
<msg timestamp="20220512 13:25:18.075" level="INFO">Log level changed from NONE to INFO.</msg>
<status status="PASS" starttime="20220512 13:25:17.979" endtime="20220512 13:25:18.075"/>
</kw>
<kw name="Click Element" library="SeleniumLibrary">
<arg>xpath=//button[@class='btn btn-next btn-40 d-flex align-items-center pl-4 pr-4 pt-1 ng-tns-c78-0']</arg>
<doc>Click the element identified by ``locator``.</doc>
<msg timestamp="20220512 13:25:18.076" level="INFO">Clicking element 'xpath=//button[@class='btn btn-next btn-40 d-flex align-items-center pl-4 pr-4 pt-1 ng-tns-c78-0']'.</msg>
<status status="PASS" starttime="20220512 13:25:18.075" endtime="20220512 13:25:18.135"/>
</kw>
<kw name="Set Selenium Implicit Wait" library="SeleniumLibrary">
<arg>30s</arg>
<doc>Sets the implicit wait value used by Selenium.</doc>
<status status="PASS" starttime="20220512 13:25:18.136" endtime="20220512 13:25:18.138"/>
</kw>
<kw name="Click Element" library="SeleniumLibrary">
<arg>xpath=//button[text()='Got it']</arg>
<doc>Click the element identified by ``locator``.</doc>
<msg timestamp="20220512 13:25:18.139" level="INFO">Clicking element 'xpath=//button[text()='Got it']'.</msg>
<status status="PASS" starttime="20220512 13:25:18.138" endtime="20220512 13:25:23.542"/>
</kw>
<kw name="Input Text" library="SeleniumLibrary">
<arg>id=searchUsers</arg>
<arg>11805382</arg>
<doc>Types the given ``text`` into the text field identified by ``locator``.</doc>
<msg timestamp="20220512 13:25:23.543" level="INFO">Typing text '11805382' into text field 'id=searchUsers'.</msg>
<status status="PASS" starttime="20220512 13:25:23.542" endtime="20220512 13:25:23.803"/>
</kw>
<kw name="Click Element" library="SeleniumLibrary">
<arg>xpath=//p[text()='Pradhum Kumar Mandal : 11815178 (me)']</arg>
<doc>Click the element identified by ``locator``.</doc>
<msg timestamp="20220512 13:25:23.804" level="INFO">Clicking element 'xpath=//p[text()='Pradhum Kumar Mandal : 11815178 (me)']'.</msg>
<status status="PASS" starttime="20220512 13:25:23.803" endtime="20220512 13:25:23.901"/>
</kw>
<kw name="Click Element" library="SeleniumLibrary">
<arg>id=chat-input</arg>
<doc>Click the element identified by ``locator``.</doc>
<msg timestamp="20220512 13:25:23.903" level="INFO">Clicking element 'id=chat-input'.</msg>
<status status="PASS" starttime="20220512 13:25:23.902" endtime="20220512 13:25:27.723"/>
</kw>
<kw name="Input Text" library="SeleniumLibrary">
<arg>id=chat-input</arg>
<arg>hi</arg>
<doc>Types the given ``text`` into the text field identified by ``locator``.</doc>
<msg timestamp="20220512 13:25:27.724" level="INFO">Typing text 'hi' into text field 'id=chat-input'.</msg>
<status status="PASS" starttime="20220512 13:25:27.724" endtime="20220512 13:25:27.890"/>
</kw>
<kw name="Press Keys" library="SeleniumLibrary">
<arg>xpath=//button[@class='emoji-trigger emoji-btn send-message ng-tns-c155-5 ng-star-inserted']</arg>
<arg>RETURN</arg>
<doc>Simulates the user pressing key(s) to an element or on the active browser.</doc>
<msg timestamp="20220512 13:25:27.891" level="INFO">Sending key(s) ('RETURN',) to xpath=//button[@class='emoji-trigger emoji-btn send-message ng-tns-c155-5 ng-star-inserted'] element.</msg>
<msg timestamp="20220512 13:25:28.555" level="INFO" html="true">&lt;/td&gt;&lt;/tr&gt;&lt;tr&gt;&lt;td colspan="3"&gt;&lt;a href="selenium-screenshot-10.png"&gt;&lt;img src="selenium-screenshot-10.png" width="800px"&gt;&lt;/a&gt;</msg>
<msg timestamp="20220512 13:25:28.557" level="FAIL">ElementNotInteractableException: Message: element not interactable: [object HTMLButtonElement] has no size and location
  (Session info: chrome=101.0.4951.54)
</msg>
<status status="FAIL" starttime="20220512 13:25:27.890" endtime="20220512 13:25:32.407"/>
</kw>
<status status="FAIL" starttime="20220512 13:25:08.250" endtime="20220512 13:25:32.407">ElementNotInteractableException: Message: element not interactable: [object HTMLButtonElement] has no size and location
  (Session info: chrome=101.0.4951.54)
</status>
</test>
<status status="FAIL" starttime="20220512 13:25:07.909" endtime="20220512 13:25:32.407"/>
</suite>
<statistics>
<total>
<stat pass="0" fail="1" skip="0">All Tests</stat>
</total>
<tag>
</tag>
<suite>
<stat pass="0" fail="1" skip="0" id="s1" name="Verify Valid Credential Suite">Verify Valid Credential Suite</stat>
</suite>
</statistics>
<errors>
</errors>
</robot>
